The target system is: Generic -  - arm
The host system is: Linux - 6.8.0-85-generic - x86_64
Compiling the C compiler identification source file "CMakeCCompilerId.c" succeeded.
Compiler: /home/user1/devel/radio/tools/xpack-arm-none-eabi-gcc-12.3.1-1.2/bin/arm-none-eabi-gcc 
Build flags: ;-mcpu=cortex-m0plus;;-Wall;-fdata-sections;-ffunction-sections;-mcpu=cortex-m0plus;;-Wall;-fdata-sections;-ffunction-sections
Id flags: -c 

The output was:
0


Compilation of the C compiler identification source "CMakeCCompilerId.c" produced "CMakeCCompilerId.o"

The C compiler identification is GNU, found in "/home/user1/devel/radio/uv-k5-firmware-custom/build/Broadcast/CMakeFiles/3.22.1/CompilerIdC/CMakeCCompilerId.o"

Compiling the CXX compiler identification source file "CMakeCXXCompilerId.cpp" succeeded.
Compiler: /home/user1/devel/radio/tools/xpack-arm-none-eabi-gcc-12.3.1-1.2/bin/arm-none-eabi-g++ 
Build flags: ;-mcpu=cortex-m0plus;;-Wall;-fdata-sections;-ffunction-sections;-mcpu=cortex-m0plus;;-Wall;-fdata-sections;-ffunction-sections;-fno-rtti;-fno-exceptions;-fno-threadsafe-statics
Id flags: -c 

The output was:
0


Compilation of the CXX compiler identification source "CMakeCXXCompilerId.cpp" produced "CMakeCXXCompilerId.o"

The CXX compiler identification is GNU, found in "/home/user1/devel/radio/uv-k5-firmware-custom/build/Broadcast/CMakeFiles/3.22.1/CompilerIdCXX/CMakeCXXCompilerId.o"

Detecting C compiler ABI info compiled with the following output:
Change Dir: /home/user1/devel/radio/uv-k5-firmware-custom/build/Broadcast/CMakeFiles/CMakeTmp

Run Build Command(s):/usr/bin/ninja cmTC_67d25 && [1/2] Building C object CMakeFiles/cmTC_67d25.dir/CMakeCCompilerABI.c.obj
Using built-in specs.
COLLECT_GCC=/home/user1/devel/radio/tools/xpack-arm-none-eabi-gcc-12.3.1-1.2/bin/arm-none-eabi-gcc
Target: arm-none-eabi
Configured with: /__w/arm-none-eabi-gcc-xpack/arm-none-eabi-gcc-xpack/build/linux-x64/sources/gcc/configure --prefix=/__w/arm-none-eabi-gcc-xpack/arm-none-eabi-gcc-xpack/build/linux-x64/application --with-sysroot=/__w/arm-none-eabi-gcc-xpack/arm-none-eabi-gcc-xpack/build/linux-x64/application/arm-none-eabi --with-native-system-header-dir=/include --infodir=/__w/arm-none-eabi-gcc-xpack/arm-none-eabi-gcc-xpack/build/linux-x64/x86_64-pc-linux-gnu/install/share/info --mandir=/__w/arm-none-eabi-gcc-xpack/arm-none-eabi-gcc-xpack/build/linux-x64/x86_64-pc-linux-gnu/install/share/man --htmldir=/__w/arm-none-eabi-gcc-xpack/arm-none-eabi-gcc-xpack/build/linux-x64/x86_64-pc-linux-gnu/install/share/html --pdfdir=/__w/arm-none-eabi-gcc-xpack/arm-none-eabi-gcc-xpack/build/linux-x64/x86_64-pc-linux-gnu/install/share/pdf --build=x86_64-pc-linux-gnu --host=x86_64-pc-linux-gnu --target=arm-none-eabi --disable-libgomp --disable-libmudflap --disable-libquadmath --disable-libsanitizer --disable-libssp --disable-nls --disable-shared --disable-threads --disable-tls --enable-checking=release --enable-languages=c,c++,fortran --with-gmp=/__w/arm-none-eabi-gcc-xpack/arm-none-eabi-gcc-xpack/build/linux-x64/x86_64-pc-linux-gnu/install --with-newlib --with-pkgversion='xPack GNU Arm Embedded GCC x86_64' --with-gnu-as --with-gnu-ld --with-system-zlib --disable-libatomic --enable-multilib --with-multilib-list=aprofile,rmprofile
Thread model: single
Supported LTO compression algorithms: zlib zstd
gcc version 12.3.1 20230626 (xPack GNU Arm Embedded GCC x86_64) 
COLLECT_GCC_OPTIONS='-mcpu=cortex-m0plus' '-Wall' '-fdata-sections' '-ffunction-sections' '-v' '-std=gnu11' '-o' 'CMakeFiles/cmTC_67d25.dir/CMakeCCompilerABI.c.obj' '-c' '-mfloat-abi=soft' '-mthumb' '-mlibarch=armv6s-m' '-march=armv6s-m' '-dumpdir' 'CMakeFiles/cmTC_67d25.dir/'
 /home/user1/devel/radio/tools/xpack-arm-none-eabi-gcc-12.3.1-1.2/bin/../libexec/gcc/arm-none-eabi/12.3.1/cc1 -quiet -v -imultilib thumb/v6-m/nofp -iprefix /home/user1/devel/radio/tools/xpack-arm-none-eabi-gcc-12.3.1-1.2/bin/../lib/gcc/arm-none-eabi/12.3.1/ -isysroot /home/user1/devel/radio/tools/xpack-arm-none-eabi-gcc-12.3.1-1.2/bin/../arm-none-eabi -D__USES_INITFINI__ /usr/share/cmake-3.22/Modules/CMakeCCompilerABI.c -quiet -dumpdir CMakeFiles/cmTC_67d25.dir/ -dumpbase CMakeCCompilerABI.c.c -dumpbase-ext .c -mcpu=cortex-m0plus -mfloat-abi=soft -mthumb -mlibarch=armv6s-m -march=armv6s-m -Wall -std=gnu11 -version -fdata-sections -ffunction-sections -o /tmp/cckm6uvo.s
GNU C11 (xPack GNU Arm Embedded GCC x86_64) version 12.3.1 20230626 (arm-none-eabi)
	compiled by GNU C version 13.2.0, GMP version 6.2.1, MPFR version 3.1.6, MPC version 1.0.3, isl version isl-0.15-GMP

GGC heuristics: --param ggc-min-expand=100 --param ggc-min-heapsize=131072
ignoring duplicate directory "/home/user1/devel/radio/tools/xpack-arm-none-eabi-gcc-12.3.1-1.2/bin/../lib/gcc/../../lib/gcc/arm-none-eabi/12.3.1/include"
ignoring nonexistent directory "/home/user1/devel/radio/tools/xpack-arm-none-eabi-gcc-12.3.1-1.2/bin/../arm-none-eabi/usr/local/include"
ignoring duplicate directory "/home/user1/devel/radio/tools/xpack-arm-none-eabi-gcc-12.3.1-1.2/bin/../lib/gcc/../../lib/gcc/arm-none-eabi/12.3.1/include-fixed"
ignoring duplicate directory "/home/user1/devel/radio/tools/xpack-arm-none-eabi-gcc-12.3.1-1.2/bin/../lib/gcc/../../lib/gcc/arm-none-eabi/12.3.1/../../../../arm-none-eabi/include"
ignoring duplicate directory "/home/user1/devel/radio/tools/xpack-arm-none-eabi-gcc-12.3.1-1.2/bin/../arm-none-eabi/include"
#include "..." search starts here:
#include <...> search starts here:
 /home/user1/devel/radio/tools/xpack-arm-none-eabi-gcc-12.3.1-1.2/bin/../lib/gcc/arm-none-eabi/12.3.1/include
 /home/user1/devel/radio/tools/xpack-arm-none-eabi-gcc-12.3.1-1.2/bin/../lib/gcc/arm-none-eabi/12.3.1/include-fixed
 /home/user1/devel/radio/tools/xpack-arm-none-eabi-gcc-12.3.1-1.2/bin/../lib/gcc/arm-none-eabi/12.3.1/../../../../arm-none-eabi/include
End of search list.
GNU C11 (xPack GNU Arm Embedded GCC x86_64) version 12.3.1 20230626 (arm-none-eabi)
	compiled by GNU C version 13.2.0, GMP version 6.2.1, MPFR version 3.1.6, MPC version 1.0.3, isl version isl-0.15-GMP

GGC heuristics: --param ggc-min-expand=100 --param ggc-min-heapsize=131072
Compiler executable checksum: 3159debb3d95e031d3d14065b9102a34
COLLECT_GCC_OPTIONS='-mcpu=cortex-m0plus' '-Wall' '-fdata-sections' '-ffunction-sections' '-v' '-std=gnu11' '-o' 'CMakeFiles/cmTC_67d25.dir/CMakeCCompilerABI.c.obj' '-c' '-mfloat-abi=soft' '-mthumb' '-mlibarch=armv6s-m' '-march=armv6s-m' '-dumpdir' 'CMakeFiles/cmTC_67d25.dir/'
 /home/user1/devel/radio/tools/xpack-arm-none-eabi-gcc-12.3.1-1.2/bin/../lib/gcc/arm-none-eabi/12.3.1/../../../../arm-none-eabi/bin/as -v -march=armv6s-m -mfloat-abi=soft -meabi=5 -o CMakeFiles/cmTC_67d25.dir/CMakeCCompilerABI.c.obj /tmp/cckm6uvo.s
GNU assembler version 2.40.0 (arm-none-eabi) using BFD version (xPack GNU Arm Embedded GCC x86_64) 2.40.0.20230627
COMPILER_PATH=/home/user1/devel/radio/tools/xpack-arm-none-eabi-gcc-12.3.1-1.2/bin/../libexec/gcc/arm-none-eabi/12.3.1/:/home/user1/devel/radio/tools/xpack-arm-none-eabi-gcc-12.3.1-1.2/bin/../libexec/gcc/:/home/user1/devel/radio/tools/xpack-arm-none-eabi-gcc-12.3.1-1.2/bin/../lib/gcc/arm-none-eabi/12.3.1/../../../../arm-none-eabi/bin/
LIBRARY_PATH=/home/user1/devel/radio/tools/xpack-arm-none-eabi-gcc-12.3.1-1.2/bin/../lib/gcc/arm-none-eabi/12.3.1/thumb/v6-m/nofp/:/home/user1/devel/radio/tools/xpack-arm-none-eabi-gcc-12.3.1-1.2/bin/../lib/gcc/arm-none-eabi/12.3.1/../../../../arm-none-eabi/lib/thumb/v6-m/nofp/:/home/user1/devel/radio/tools/xpack-arm-none-eabi-gcc-12.3.1-1.2/bin/../arm-none-eabi/lib/thumb/v6-m/nofp/:/home/user1/devel/radio/tools/xpack-arm-none-eabi-gcc-12.3.1-1.2/bin/../lib/gcc/arm-none-eabi/12.3.1/:/home/user1/devel/radio/tools/xpack-arm-none-eabi-gcc-12.3.1-1.2/bin/../lib/gcc/:/home/user1/devel/radio/tools/xpack-arm-none-eabi-gcc-12.3.1-1.2/bin/../lib/gcc/arm-none-eabi/12.3.1/../../../../arm-none-eabi/lib/:/home/user1/devel/radio/tools/xpack-arm-none-eabi-gcc-12.3.1-1.2/bin/../arm-none-eabi/lib/
COLLECT_GCC_OPTIONS='-mcpu=cortex-m0plus' '-Wall' '-fdata-sections' '-ffunction-sections' '-v' '-std=gnu11' '-o' 'CMakeFiles/cmTC_67d25.dir/CMakeCCompilerABI.c.obj' '-c' '-mfloat-abi=soft' '-mthumb' '-mlibarch=armv6s-m' '-march=armv6s-m' '-dumpdir' 'CMakeFiles/cmTC_67d25.dir/CMakeCCompilerABI.c.'
[2/2] Linking C static library libcmTC_67d25.a



Parsed C implicit include dir info from above output: rv=done
  found start of include info
  found start of implicit include info
    add: [/home/user1/devel/radio/tools/xpack-arm-none-eabi-gcc-12.3.1-1.2/bin/../lib/gcc/arm-none-eabi/12.3.1/include]
    add: [/home/user1/devel/radio/tools/xpack-arm-none-eabi-gcc-12.3.1-1.2/bin/../lib/gcc/arm-none-eabi/12.3.1/include-fixed]
    add: [/home/user1/devel/radio/tools/xpack-arm-none-eabi-gcc-12.3.1-1.2/bin/../lib/gcc/arm-none-eabi/12.3.1/../../../../arm-none-eabi/include]
  end of search list found
  collapse include dir [/home/user1/devel/radio/tools/xpack-arm-none-eabi-gcc-12.3.1-1.2/bin/../lib/gcc/arm-none-eabi/12.3.1/include] ==> [/home/user1/devel/radio/tools/xpack-arm-none-eabi-gcc-12.3.1-1.2/lib/gcc/arm-none-eabi/12.3.1/include]
  collapse include dir [/home/user1/devel/radio/tools/xpack-arm-none-eabi-gcc-12.3.1-1.2/bin/../lib/gcc/arm-none-eabi/12.3.1/include-fixed] ==> [/home/user1/devel/radio/tools/xpack-arm-none-eabi-gcc-12.3.1-1.2/lib/gcc/arm-none-eabi/12.3.1/include-fixed]
  collapse include dir [/home/user1/devel/radio/tools/xpack-arm-none-eabi-gcc-12.3.1-1.2/bin/../lib/gcc/arm-none-eabi/12.3.1/../../../../arm-none-eabi/include] ==> [/home/user1/devel/radio/tools/xpack-arm-none-eabi-gcc-12.3.1-1.2/arm-none-eabi/include]
  implicit include dirs: [/home/user1/devel/radio/tools/xpack-arm-none-eabi-gcc-12.3.1-1.2/lib/gcc/arm-none-eabi/12.3.1/include;/home/user1/devel/radio/tools/xpack-arm-none-eabi-gcc-12.3.1-1.2/lib/gcc/arm-none-eabi/12.3.1/include-fixed;/home/user1/devel/radio/tools/xpack-arm-none-eabi-gcc-12.3.1-1.2/arm-none-eabi/include]


Parsed C implicit link information from above output:
  link line regex: [^( *|.*[/\])(arm-none-eabi-g\+\+|CMAKE_LINK_STARTFILE-NOTFOUND|([^/\]+-)?ld|collect2)[^/\]*( |$)]
  ignore line: [Change Dir: /home/user1/devel/radio/uv-k5-firmware-custom/build/Broadcast/CMakeFiles/CMakeTmp]
  ignore line: []
  ignore line: [Run Build Command(s):/usr/bin/ninja cmTC_67d25 && [1/2] Building C object CMakeFiles/cmTC_67d25.dir/CMakeCCompilerABI.c.obj]
  ignore line: [Using built-in specs.]
  ignore line: [COLLECT_GCC=/home/user1/devel/radio/tools/xpack-arm-none-eabi-gcc-12.3.1-1.2/bin/arm-none-eabi-gcc]
  ignore line: [Target: arm-none-eabi]
  ignore line: [Configured with: /__w/arm-none-eabi-gcc-xpack/arm-none-eabi-gcc-xpack/build/linux-x64/sources/gcc/configure --prefix=/__w/arm-none-eabi-gcc-xpack/arm-none-eabi-gcc-xpack/build/linux-x64/application --with-sysroot=/__w/arm-none-eabi-gcc-xpack/arm-none-eabi-gcc-xpack/build/linux-x64/application/arm-none-eabi --with-native-system-header-dir=/include --infodir=/__w/arm-none-eabi-gcc-xpack/arm-none-eabi-gcc-xpack/build/linux-x64/x86_64-pc-linux-gnu/install/share/info --mandir=/__w/arm-none-eabi-gcc-xpack/arm-none-eabi-gcc-xpack/build/linux-x64/x86_64-pc-linux-gnu/install/share/man --htmldir=/__w/arm-none-eabi-gcc-xpack/arm-none-eabi-gcc-xpack/build/linux-x64/x86_64-pc-linux-gnu/install/share/html --pdfdir=/__w/arm-none-eabi-gcc-xpack/arm-none-eabi-gcc-xpack/build/linux-x64/x86_64-pc-linux-gnu/install/share/pdf --build=x86_64-pc-linux-gnu --host=x86_64-pc-linux-gnu --target=arm-none-eabi --disable-libgomp --disable-libmudflap --disable-libquadmath --disable-libsanitizer --disable-libssp --disable-nls --disable-shared --disable-threads --disable-tls --enable-checking=release --enable-languages=c,c++,fortran --with-gmp=/__w/arm-none-eabi-gcc-xpack/arm-none-eabi-gcc-xpack/build/linux-x64/x86_64-pc-linux-gnu/install --with-newlib --with-pkgversion='xPack GNU Arm Embedded GCC x86_64' --with-gnu-as --with-gnu-ld --with-system-zlib --disable-libatomic --enable-multilib --with-multilib-list=aprofile,rmprofile]
  ignore line: [Thread model: single]
  ignore line: [Supported LTO compression algorithms: zlib zstd]
  ignore line: [gcc version 12.3.1 20230626 (xPack GNU Arm Embedded GCC x86_64) ]
  ignore line: [COLLECT_GCC_OPTIONS='-mcpu=cortex-m0plus' '-Wall' '-fdata-sections' '-ffunction-sections' '-v' '-std=gnu11' '-o' 'CMakeFiles/cmTC_67d25.dir/CMakeCCompilerABI.c.obj' '-c' '-mfloat-abi=soft' '-mthumb' '-mlibarch=armv6s-m' '-march=armv6s-m' '-dumpdir' 'CMakeFiles/cmTC_67d25.dir/']
  ignore line: [ /home/user1/devel/radio/tools/xpack-arm-none-eabi-gcc-12.3.1-1.2/bin/../libexec/gcc/arm-none-eabi/12.3.1/cc1 -quiet -v -imultilib thumb/v6-m/nofp -iprefix /home/user1/devel/radio/tools/xpack-arm-none-eabi-gcc-12.3.1-1.2/bin/../lib/gcc/arm-none-eabi/12.3.1/ -isysroot /home/user1/devel/radio/tools/xpack-arm-none-eabi-gcc-12.3.1-1.2/bin/../arm-none-eabi -D__USES_INITFINI__ /usr/share/cmake-3.22/Modules/CMakeCCompilerABI.c -quiet -dumpdir CMakeFiles/cmTC_67d25.dir/ -dumpbase CMakeCCompilerABI.c.c -dumpbase-ext .c -mcpu=cortex-m0plus -mfloat-abi=soft -mthumb -mlibarch=armv6s-m -march=armv6s-m -Wall -std=gnu11 -version -fdata-sections -ffunction-sections -o /tmp/cckm6uvo.s]
  ignore line: [GNU C11 (xPack GNU Arm Embedded GCC x86_64) version 12.3.1 20230626 (arm-none-eabi)]
  ignore line: [	compiled by GNU C version 13.2.0  GMP version 6.2.1  MPFR version 3.1.6  MPC version 1.0.3  isl version isl-0.15-GMP]
  ignore line: []
  ignore line: [GGC heuristics: --param ggc-min-expand=100 --param ggc-min-heapsize=131072]
  ignore line: [ignoring duplicate directory "/home/user1/devel/radio/tools/xpack-arm-none-eabi-gcc-12.3.1-1.2/bin/../lib/gcc/../../lib/gcc/arm-none-eabi/12.3.1/include"]
  ignore line: [ignoring nonexistent directory "/home/user1/devel/radio/tools/xpack-arm-none-eabi-gcc-12.3.1-1.2/bin/../arm-none-eabi/usr/local/include"]
  ignore line: [ignoring duplicate directory "/home/user1/devel/radio/tools/xpack-arm-none-eabi-gcc-12.3.1-1.2/bin/../lib/gcc/../../lib/gcc/arm-none-eabi/12.3.1/include-fixed"]
  ignore line: [ignoring duplicate directory "/home/user1/devel/radio/tools/xpack-arm-none-eabi-gcc-12.3.1-1.2/bin/../lib/gcc/../../lib/gcc/arm-none-eabi/12.3.1/../../../../arm-none-eabi/include"]
  ignore line: [ignoring duplicate directory "/home/user1/devel/radio/tools/xpack-arm-none-eabi-gcc-12.3.1-1.2/bin/../arm-none-eabi/include"]
  ignore line: [#include "..." search starts here:]
  ignore line: [#include <...> search starts here:]
  ignore line: [ /home/user1/devel/radio/tools/xpack-arm-none-eabi-gcc-12.3.1-1.2/bin/../lib/gcc/arm-none-eabi/12.3.1/include]
  ignore line: [ /home/user1/devel/radio/tools/xpack-arm-none-eabi-gcc-12.3.1-1.2/bin/../lib/gcc/arm-none-eabi/12.3.1/include-fixed]
  ignore line: [ /home/user1/devel/radio/tools/xpack-arm-none-eabi-gcc-12.3.1-1.2/bin/../lib/gcc/arm-none-eabi/12.3.1/../../../../arm-none-eabi/include]
  ignore line: [End of search list.]
  ignore line: [GNU C11 (xPack GNU Arm Embedded GCC x86_64) version 12.3.1 20230626 (arm-none-eabi)]
  ignore line: [	compiled by GNU C version 13.2.0  GMP version 6.2.1  MPFR version 3.1.6  MPC version 1.0.3  isl version isl-0.15-GMP]
  ignore line: []
  ignore line: [GGC heuristics: --param ggc-min-expand=100 --param ggc-min-heapsize=131072]
  ignore line: [Compiler executable checksum: 3159debb3d95e031d3d14065b9102a34]
  ignore line: [COLLECT_GCC_OPTIONS='-mcpu=cortex-m0plus' '-Wall' '-fdata-sections' '-ffunction-sections' '-v' '-std=gnu11' '-o' 'CMakeFiles/cmTC_67d25.dir/CMakeCCompilerABI.c.obj' '-c' '-mfloat-abi=soft' '-mthumb' '-mlibarch=armv6s-m' '-march=armv6s-m' '-dumpdir' 'CMakeFiles/cmTC_67d25.dir/']
  ignore line: [ /home/user1/devel/radio/tools/xpack-arm-none-eabi-gcc-12.3.1-1.2/bin/../lib/gcc/arm-none-eabi/12.3.1/../../../../arm-none-eabi/bin/as -v -march=armv6s-m -mfloat-abi=soft -meabi=5 -o CMakeFiles/cmTC_67d25.dir/CMakeCCompilerABI.c.obj /tmp/cckm6uvo.s]
  ignore line: [GNU assembler version 2.40.0 (arm-none-eabi) using BFD version (xPack GNU Arm Embedded GCC x86_64) 2.40.0.20230627]
  ignore line: [COMPILER_PATH=/home/user1/devel/radio/tools/xpack-arm-none-eabi-gcc-12.3.1-1.2/bin/../libexec/gcc/arm-none-eabi/12.3.1/:/home/user1/devel/radio/tools/xpack-arm-none-eabi-gcc-12.3.1-1.2/bin/../libexec/gcc/:/home/user1/devel/radio/tools/xpack-arm-none-eabi-gcc-12.3.1-1.2/bin/../lib/gcc/arm-none-eabi/12.3.1/../../../../arm-none-eabi/bin/]
  ignore line: [LIBRARY_PATH=/home/user1/devel/radio/tools/xpack-arm-none-eabi-gcc-12.3.1-1.2/bin/../lib/gcc/arm-none-eabi/12.3.1/thumb/v6-m/nofp/:/home/user1/devel/radio/tools/xpack-arm-none-eabi-gcc-12.3.1-1.2/bin/../lib/gcc/arm-none-eabi/12.3.1/../../../../arm-none-eabi/lib/thumb/v6-m/nofp/:/home/user1/devel/radio/tools/xpack-arm-none-eabi-gcc-12.3.1-1.2/bin/../arm-none-eabi/lib/thumb/v6-m/nofp/:/home/user1/devel/radio/tools/xpack-arm-none-eabi-gcc-12.3.1-1.2/bin/../lib/gcc/arm-none-eabi/12.3.1/:/home/user1/devel/radio/tools/xpack-arm-none-eabi-gcc-12.3.1-1.2/bin/../lib/gcc/:/home/user1/devel/radio/tools/xpack-arm-none-eabi-gcc-12.3.1-1.2/bin/../lib/gcc/arm-none-eabi/12.3.1/../../../../arm-none-eabi/lib/:/home/user1/devel/radio/tools/xpack-arm-none-eabi-gcc-12.3.1-1.2/bin/../arm-none-eabi/lib/]
  ignore line: [COLLECT_GCC_OPTIONS='-mcpu=cortex-m0plus' '-Wall' '-fdata-sections' '-ffunction-sections' '-v' '-std=gnu11' '-o' 'CMakeFiles/cmTC_67d25.dir/CMakeCCompilerABI.c.obj' '-c' '-mfloat-abi=soft' '-mthumb' '-mlibarch=armv6s-m' '-march=armv6s-m' '-dumpdir' 'CMakeFiles/cmTC_67d25.dir/CMakeCCompilerABI.c.']
  ignore line: [[2/2] Linking C static library libcmTC_67d25.a]
  ignore line: []
  ignore line: []
  implicit libs: []
  implicit objs: []
  implicit dirs: []
  implicit fwks: []


Detecting CXX compiler ABI info compiled with the following output:
Change Dir: /home/user1/devel/radio/uv-k5-firmware-custom/build/Broadcast/CMakeFiles/CMakeTmp

Run Build Command(s):/usr/bin/ninja cmTC_64c2a && [1/2] Building CXX object CMakeFiles/cmTC_64c2a.dir/CMakeCXXCompilerABI.cpp.obj
Using built-in specs.
COLLECT_GCC=/home/user1/devel/radio/tools/xpack-arm-none-eabi-gcc-12.3.1-1.2/bin/arm-none-eabi-g++
Target: arm-none-eabi
Configured with: /__w/arm-none-eabi-gcc-xpack/arm-none-eabi-gcc-xpack/build/linux-x64/sources/gcc/configure --prefix=/__w/arm-none-eabi-gcc-xpack/arm-none-eabi-gcc-xpack/build/linux-x64/application --with-sysroot=/__w/arm-none-eabi-gcc-xpack/arm-none-eabi-gcc-xpack/build/linux-x64/application/arm-none-eabi --with-native-system-header-dir=/include --infodir=/__w/arm-none-eabi-gcc-xpack/arm-none-eabi-gcc-xpack/build/linux-x64/x86_64-pc-linux-gnu/install/share/info --mandir=/__w/arm-none-eabi-gcc-xpack/arm-none-eabi-gcc-xpack/build/linux-x64/x86_64-pc-linux-gnu/install/share/man --htmldir=/__w/arm-none-eabi-gcc-xpack/arm-none-eabi-gcc-xpack/build/linux-x64/x86_64-pc-linux-gnu/install/share/html --pdfdir=/__w/arm-none-eabi-gcc-xpack/arm-none-eabi-gcc-xpack/build/linux-x64/x86_64-pc-linux-gnu/install/share/pdf --build=x86_64-pc-linux-gnu --host=x86_64-pc-linux-gnu --target=arm-none-eabi --disable-libgomp --disable-libmudflap --disable-libquadmath --disable-libsanitizer --disable-libssp --disable-nls --disable-shared --disable-threads --disable-tls --enable-checking=release --enable-languages=c,c++,fortran --with-gmp=/__w/arm-none-eabi-gcc-xpack/arm-none-eabi-gcc-xpack/build/linux-x64/x86_64-pc-linux-gnu/install --with-newlib --with-pkgversion='xPack GNU Arm Embedded GCC x86_64' --with-gnu-as --with-gnu-ld --with-system-zlib --disable-libatomic --enable-multilib --with-multilib-list=aprofile,rmprofile
Thread model: single
Supported LTO compression algorithms: zlib zstd
gcc version 12.3.1 20230626 (xPack GNU Arm Embedded GCC x86_64) 
COLLECT_GCC_OPTIONS='-mcpu=cortex-m0plus' '-Wall' '-fdata-sections' '-ffunction-sections' '-fno-rtti' '-fno-exceptions' '-fno-threadsafe-statics' '-v' '-o' 'CMakeFiles/cmTC_64c2a.dir/CMakeCXXCompilerABI.cpp.obj' '-c' '-mfloat-abi=soft' '-mthumb' '-mlibarch=armv6s-m' '-march=armv6s-m' '-dumpdir' 'CMakeFiles/cmTC_64c2a.dir/'
 /home/user1/devel/radio/tools/xpack-arm-none-eabi-gcc-12.3.1-1.2/bin/../libexec/gcc/arm-none-eabi/12.3.1/cc1plus -quiet -v -imultilib thumb/v6-m/nofp -iprefix /home/user1/devel/radio/tools/xpack-arm-none-eabi-gcc-12.3.1-1.2/bin/../lib/gcc/arm-none-eabi/12.3.1/ -isysroot /home/user1/devel/radio/tools/xpack-arm-none-eabi-gcc-12.3.1-1.2/bin/../arm-none-eabi -D__USES_INITFINI__ /usr/share/cmake-3.22/Modules/CMakeCXXCompilerABI.cpp -quiet -dumpdir CMakeFiles/cmTC_64c2a.dir/ -dumpbase CMakeCXXCompilerABI.cpp.cpp -dumpbase-ext .cpp -mcpu=cortex-m0plus -mfloat-abi=soft -mthumb -mlibarch=armv6s-m -march=armv6s-m -Wall -version -fdata-sections -ffunction-sections -fno-rtti -fno-exceptions -fno-threadsafe-statics -o /tmp/ccvBbdCg.s
GNU C++17 (xPack GNU Arm Embedded GCC x86_64) version 12.3.1 20230626 (arm-none-eabi)
	compiled by GNU C version 13.2.0, GMP version 6.2.1, MPFR version 3.1.6, MPC version 1.0.3, isl version isl-0.15-GMP

GGC heuristics: --param ggc-min-expand=100 --param ggc-min-heapsize=131072
ignoring duplicate directory "/home/user1/devel/radio/tools/xpack-arm-none-eabi-gcc-12.3.1-1.2/bin/../lib/gcc/../../lib/gcc/arm-none-eabi/12.3.1/../../../../arm-none-eabi/include/c++/12.3.1"
ignoring duplicate directory "/home/user1/devel/radio/tools/xpack-arm-none-eabi-gcc-12.3.1-1.2/bin/../lib/gcc/../../lib/gcc/arm-none-eabi/12.3.1/../../../../arm-none-eabi/include/c++/12.3.1/arm-none-eabi/thumb/v6-m/nofp"
ignoring duplicate directory "/home/user1/devel/radio/tools/xpack-arm-none-eabi-gcc-12.3.1-1.2/bin/../lib/gcc/../../lib/gcc/arm-none-eabi/12.3.1/../../../../arm-none-eabi/include/c++/12.3.1/backward"
ignoring duplicate directory "/home/user1/devel/radio/tools/xpack-arm-none-eabi-gcc-12.3.1-1.2/bin/../lib/gcc/../../lib/gcc/arm-none-eabi/12.3.1/include"
ignoring nonexistent directory "/home/user1/devel/radio/tools/xpack-arm-none-eabi-gcc-12.3.1-1.2/bin/../arm-none-eabi/usr/local/include"
ignoring duplicate directory "/home/user1/devel/radio/tools/xpack-arm-none-eabi-gcc-12.3.1-1.2/bin/../lib/gcc/../../lib/gcc/arm-none-eabi/12.3.1/include-fixed"
ignoring duplicate directory "/home/user1/devel/radio/tools/xpack-arm-none-eabi-gcc-12.3.1-1.2/bin/../lib/gcc/../../lib/gcc/arm-none-eabi/12.3.1/../../../../arm-none-eabi/include"
ignoring duplicate directory "/home/user1/devel/radio/tools/xpack-arm-none-eabi-gcc-12.3.1-1.2/bin/../arm-none-eabi/include"
#include "..." search starts here:
#include <...> search starts here:
 /home/user1/devel/radio/tools/xpack-arm-none-eabi-gcc-12.3.1-1.2/bin/../lib/gcc/arm-none-eabi/12.3.1/../../../../arm-none-eabi/include/c++/12.3.1
 /home/user1/devel/radio/tools/xpack-arm-none-eabi-gcc-12.3.1-1.2/bin/../lib/gcc/arm-none-eabi/12.3.1/../../../../arm-none-eabi/include/c++/12.3.1/arm-none-eabi/thumb/v6-m/nofp
 /home/user1/devel/radio/tools/xpack-arm-none-eabi-gcc-12.3.1-1.2/bin/../lib/gcc/arm-none-eabi/12.3.1/../../../../arm-none-eabi/include/c++/12.3.1/backward
 /home/user1/devel/radio/tools/xpack-arm-none-eabi-gcc-12.3.1-1.2/bin/../lib/gcc/arm-none-eabi/12.3.1/include
 /home/user1/devel/radio/tools/xpack-arm-none-eabi-gcc-12.3.1-1.2/bin/../lib/gcc/arm-none-eabi/12.3.1/include-fixed
 /home/user1/devel/radio/tools/xpack-arm-none-eabi-gcc-12.3.1-1.2/bin/../lib/gcc/arm-none-eabi/12.3.1/../../../../arm-none-eabi/include
End of search list.
GNU C++17 (xPack GNU Arm Embedded GCC x86_64) version 12.3.1 20230626 (arm-none-eabi)
	compiled by GNU C version 13.2.0, GMP version 6.2.1, MPFR version 3.1.6, MPC version 1.0.3, isl version isl-0.15-GMP

GGC heuristics: --param ggc-min-expand=100 --param ggc-min-heapsize=131072
Compiler executable checksum: 3dedb95b4c76cf1f32dabdc10da480e8
COLLECT_GCC_OPTIONS='-mcpu=cortex-m0plus' '-Wall' '-fdata-sections' '-ffunction-sections' '-fno-rtti' '-fno-exceptions' '-fno-threadsafe-statics' '-v' '-o' 'CMakeFiles/cmTC_64c2a.dir/CMakeCXXCompilerABI.cpp.obj' '-c' '-mfloat-abi=soft' '-mthumb' '-mlibarch=armv6s-m' '-march=armv6s-m' '-dumpdir' 'CMakeFiles/cmTC_64c2a.dir/'
 /home/user1/devel/radio/tools/xpack-arm-none-eabi-gcc-12.3.1-1.2/bin/../lib/gcc/arm-none-eabi/12.3.1/../../../../arm-none-eabi/bin/as -v -march=armv6s-m -mfloat-abi=soft -meabi=5 -o CMakeFiles/cmTC_64c2a.dir/CMakeCXXCompilerABI.cpp.obj /tmp/ccvBbdCg.s
GNU assembler version 2.40.0 (arm-none-eabi) using BFD version (xPack GNU Arm Embedded GCC x86_64) 2.40.0.20230627
COMPILER_PATH=/home/user1/devel/radio/tools/xpack-arm-none-eabi-gcc-12.3.1-1.2/bin/../libexec/gcc/arm-none-eabi/12.3.1/:/home/user1/devel/radio/tools/xpack-arm-none-eabi-gcc-12.3.1-1.2/bin/../libexec/gcc/:/home/user1/devel/radio/tools/xpack-arm-none-eabi-gcc-12.3.1-1.2/bin/../lib/gcc/arm-none-eabi/12.3.1/../../../../arm-none-eabi/bin/
LIBRARY_PATH=/home/user1/devel/radio/tools/xpack-arm-none-eabi-gcc-12.3.1-1.2/bin/../lib/gcc/arm-none-eabi/12.3.1/thumb/v6-m/nofp/:/home/user1/devel/radio/tools/xpack-arm-none-eabi-gcc-12.3.1-1.2/bin/../lib/gcc/arm-none-eabi/12.3.1/../../../../arm-none-eabi/lib/thumb/v6-m/nofp/:/home/user1/devel/radio/tools/xpack-arm-none-eabi-gcc-12.3.1-1.2/bin/../arm-none-eabi/lib/thumb/v6-m/nofp/:/home/user1/devel/radio/tools/xpack-arm-none-eabi-gcc-12.3.1-1.2/bin/../lib/gcc/arm-none-eabi/12.3.1/:/home/user1/devel/radio/tools/xpack-arm-none-eabi-gcc-12.3.1-1.2/bin/../lib/gcc/:/home/user1/devel/radio/tools/xpack-arm-none-eabi-gcc-12.3.1-1.2/bin/../lib/gcc/arm-none-eabi/12.3.1/../../../../arm-none-eabi/lib/:/home/user1/devel/radio/tools/xpack-arm-none-eabi-gcc-12.3.1-1.2/bin/../arm-none-eabi/lib/
COLLECT_GCC_OPTIONS='-mcpu=cortex-m0plus' '-Wall' '-fdata-sections' '-ffunction-sections' '-fno-rtti' '-fno-exceptions' '-fno-threadsafe-statics' '-v' '-o' 'CMakeFiles/cmTC_64c2a.dir/CMakeCXXCompilerABI.cpp.obj' '-c' '-mfloat-abi=soft' '-mthumb' '-mlibarch=armv6s-m' '-march=armv6s-m' '-dumpdir' 'CMakeFiles/cmTC_64c2a.dir/CMakeCXXCompilerABI.cpp.'
[2/2] Linking CXX static library libcmTC_64c2a.a



Parsed CXX implicit include dir info from above output: rv=done
  found start of include info
  found start of implicit include info
    add: [/home/user1/devel/radio/tools/xpack-arm-none-eabi-gcc-12.3.1-1.2/bin/../lib/gcc/arm-none-eabi/12.3.1/../../../../arm-none-eabi/include/c++/12.3.1]
    add: [/home/user1/devel/radio/tools/xpack-arm-none-eabi-gcc-12.3.1-1.2/bin/../lib/gcc/arm-none-eabi/12.3.1/../../../../arm-none-eabi/include/c++/12.3.1/arm-none-eabi/thumb/v6-m/nofp]
    add: [/home/user1/devel/radio/tools/xpack-arm-none-eabi-gcc-12.3.1-1.2/bin/../lib/gcc/arm-none-eabi/12.3.1/../../../../arm-none-eabi/include/c++/12.3.1/backward]
    add: [/home/user1/devel/radio/tools/xpack-arm-none-eabi-gcc-12.3.1-1.2/bin/../lib/gcc/arm-none-eabi/12.3.1/include]
    add: [/home/user1/devel/radio/tools/xpack-arm-none-eabi-gcc-12.3.1-1.2/bin/../lib/gcc/arm-none-eabi/12.3.1/include-fixed]
    add: [/home/user1/devel/radio/tools/xpack-arm-none-eabi-gcc-12.3.1-1.2/bin/../lib/gcc/arm-none-eabi/12.3.1/../../../../arm-none-eabi/include]
  end of search list found
  collapse include dir [/home/user1/devel/radio/tools/xpack-arm-none-eabi-gcc-12.3.1-1.2/bin/../lib/gcc/arm-none-eabi/12.3.1/../../../../arm-none-eabi/include/c++/12.3.1] ==> [/home/user1/devel/radio/tools/xpack-arm-none-eabi-gcc-12.3.1-1.2/arm-none-eabi/include/c++/12.3.1]
  collapse include dir [/home/user1/devel/radio/tools/xpack-arm-none-eabi-gcc-12.3.1-1.2/bin/../lib/gcc/arm-none-eabi/12.3.1/../../../../arm-none-eabi/include/c++/12.3.1/arm-none-eabi/thumb/v6-m/nofp] ==> [/home/user1/devel/radio/tools/xpack-arm-none-eabi-gcc-12.3.1-1.2/arm-none-eabi/include/c++/12.3.1/arm-none-eabi/thumb/v6-m/nofp]
  collapse include dir [/home/user1/devel/radio/tools/xpack-arm-none-eabi-gcc-12.3.1-1.2/bin/../lib/gcc/arm-none-eabi/12.3.1/../../../../arm-none-eabi/include/c++/12.3.1/backward] ==> [/home/user1/devel/radio/tools/xpack-arm-none-eabi-gcc-12.3.1-1.2/arm-none-eabi/include/c++/12.3.1/backward]
  collapse include dir [/home/user1/devel/radio/tools/xpack-arm-none-eabi-gcc-12.3.1-1.2/bin/../lib/gcc/arm-none-eabi/12.3.1/include] ==> [/home/user1/devel/radio/tools/xpack-arm-none-eabi-gcc-12.3.1-1.2/lib/gcc/arm-none-eabi/12.3.1/include]
  collapse include dir [/home/user1/devel/radio/tools/xpack-arm-none-eabi-gcc-12.3.1-1.2/bin/../lib/gcc/arm-none-eabi/12.3.1/include-fixed] ==> [/home/user1/devel/radio/tools/xpack-arm-none-eabi-gcc-12.3.1-1.2/lib/gcc/arm-none-eabi/12.3.1/include-fixed]
  collapse include dir [/home/user1/devel/radio/tools/xpack-arm-none-eabi-gcc-12.3.1-1.2/bin/../lib/gcc/arm-none-eabi/12.3.1/../../../../arm-none-eabi/include] ==> [/home/user1/devel/radio/tools/xpack-arm-none-eabi-gcc-12.3.1-1.2/arm-none-eabi/include]
  implicit include dirs: [/home/user1/devel/radio/tools/xpack-arm-none-eabi-gcc-12.3.1-1.2/arm-none-eabi/include/c++/12.3.1;/home/user1/devel/radio/tools/xpack-arm-none-eabi-gcc-12.3.1-1.2/arm-none-eabi/include/c++/12.3.1/arm-none-eabi/thumb/v6-m/nofp;/home/user1/devel/radio/tools/xpack-arm-none-eabi-gcc-12.3.1-1.2/arm-none-eabi/include/c++/12.3.1/backward;/home/user1/devel/radio/tools/xpack-arm-none-eabi-gcc-12.3.1-1.2/lib/gcc/arm-none-eabi/12.3.1/include;/home/user1/devel/radio/tools/xpack-arm-none-eabi-gcc-12.3.1-1.2/lib/gcc/arm-none-eabi/12.3.1/include-fixed;/home/user1/devel/radio/tools/xpack-arm-none-eabi-gcc-12.3.1-1.2/arm-none-eabi/include]


Parsed CXX implicit link information from above output:
  link line regex: [^( *|.*[/\])(arm-none-eabi-g\+\+|CMAKE_LINK_STARTFILE-NOTFOUND|([^/\]+-)?ld|collect2)[^/\]*( |$)]
  ignore line: [Change Dir: /home/user1/devel/radio/uv-k5-firmware-custom/build/Broadcast/CMakeFiles/CMakeTmp]
  ignore line: []
  ignore line: [Run Build Command(s):/usr/bin/ninja cmTC_64c2a && [1/2] Building CXX object CMakeFiles/cmTC_64c2a.dir/CMakeCXXCompilerABI.cpp.obj]
  ignore line: [Using built-in specs.]
  ignore line: [COLLECT_GCC=/home/user1/devel/radio/tools/xpack-arm-none-eabi-gcc-12.3.1-1.2/bin/arm-none-eabi-g++]
  ignore line: [Target: arm-none-eabi]
  ignore line: [Configured with: /__w/arm-none-eabi-gcc-xpack/arm-none-eabi-gcc-xpack/build/linux-x64/sources/gcc/configure --prefix=/__w/arm-none-eabi-gcc-xpack/arm-none-eabi-gcc-xpack/build/linux-x64/application --with-sysroot=/__w/arm-none-eabi-gcc-xpack/arm-none-eabi-gcc-xpack/build/linux-x64/application/arm-none-eabi --with-native-system-header-dir=/include --infodir=/__w/arm-none-eabi-gcc-xpack/arm-none-eabi-gcc-xpack/build/linux-x64/x86_64-pc-linux-gnu/install/share/info --mandir=/__w/arm-none-eabi-gcc-xpack/arm-none-eabi-gcc-xpack/build/linux-x64/x86_64-pc-linux-gnu/install/share/man --htmldir=/__w/arm-none-eabi-gcc-xpack/arm-none-eabi-gcc-xpack/build/linux-x64/x86_64-pc-linux-gnu/install/share/html --pdfdir=/__w/arm-none-eabi-gcc-xpack/arm-none-eabi-gcc-xpack/build/linux-x64/x86_64-pc-linux-gnu/install/share/pdf --build=x86_64-pc-linux-gnu --host=x86_64-pc-linux-gnu --target=arm-none-eabi --disable-libgomp --disable-libmudflap --disable-libquadmath --disable-libsanitizer --disable-libssp --disable-nls --disable-shared --disable-threads --disable-tls --enable-checking=release --enable-languages=c,c++,fortran --with-gmp=/__w/arm-none-eabi-gcc-xpack/arm-none-eabi-gcc-xpack/build/linux-x64/x86_64-pc-linux-gnu/install --with-newlib --with-pkgversion='xPack GNU Arm Embedded GCC x86_64' --with-gnu-as --with-gnu-ld --with-system-zlib --disable-libatomic --enable-multilib --with-multilib-list=aprofile,rmprofile]
  ignore line: [Thread model: single]
  ignore line: [Supported LTO compression algorithms: zlib zstd]
  ignore line: [gcc version 12.3.1 20230626 (xPack GNU Arm Embedded GCC x86_64) ]
  ignore line: [COLLECT_GCC_OPTIONS='-mcpu=cortex-m0plus' '-Wall' '-fdata-sections' '-ffunction-sections' '-fno-rtti' '-fno-exceptions' '-fno-threadsafe-statics' '-v' '-o' 'CMakeFiles/cmTC_64c2a.dir/CMakeCXXCompilerABI.cpp.obj' '-c' '-mfloat-abi=soft' '-mthumb' '-mlibarch=armv6s-m' '-march=armv6s-m' '-dumpdir' 'CMakeFiles/cmTC_64c2a.dir/']
  ignore line: [ /home/user1/devel/radio/tools/xpack-arm-none-eabi-gcc-12.3.1-1.2/bin/../libexec/gcc/arm-none-eabi/12.3.1/cc1plus -quiet -v -imultilib thumb/v6-m/nofp -iprefix /home/user1/devel/radio/tools/xpack-arm-none-eabi-gcc-12.3.1-1.2/bin/../lib/gcc/arm-none-eabi/12.3.1/ -isysroot /home/user1/devel/radio/tools/xpack-arm-none-eabi-gcc-12.3.1-1.2/bin/../arm-none-eabi -D__USES_INITFINI__ /usr/share/cmake-3.22/Modules/CMakeCXXCompilerABI.cpp -quiet -dumpdir CMakeFiles/cmTC_64c2a.dir/ -dumpbase CMakeCXXCompilerABI.cpp.cpp -dumpbase-ext .cpp -mcpu=cortex-m0plus -mfloat-abi=soft -mthumb -mlibarch=armv6s-m -march=armv6s-m -Wall -version -fdata-sections -ffunction-sections -fno-rtti -fno-exceptions -fno-threadsafe-statics -o /tmp/ccvBbdCg.s]
  ignore line: [GNU C++17 (xPack GNU Arm Embedded GCC x86_64) version 12.3.1 20230626 (arm-none-eabi)]
  ignore line: [	compiled by GNU C version 13.2.0  GMP version 6.2.1  MPFR version 3.1.6  MPC version 1.0.3  isl version isl-0.15-GMP]
  ignore line: []
  ignore line: [GGC heuristics: --param ggc-min-expand=100 --param ggc-min-heapsize=131072]
  ignore line: [ignoring duplicate directory "/home/user1/devel/radio/tools/xpack-arm-none-eabi-gcc-12.3.1-1.2/bin/../lib/gcc/../../lib/gcc/arm-none-eabi/12.3.1/../../../../arm-none-eabi/include/c++/12.3.1"]
  ignore line: [ignoring duplicate directory "/home/user1/devel/radio/tools/xpack-arm-none-eabi-gcc-12.3.1-1.2/bin/../lib/gcc/../../lib/gcc/arm-none-eabi/12.3.1/../../../../arm-none-eabi/include/c++/12.3.1/arm-none-eabi/thumb/v6-m/nofp"]
  ignore line: [ignoring duplicate directory "/home/user1/devel/radio/tools/xpack-arm-none-eabi-gcc-12.3.1-1.2/bin/../lib/gcc/../../lib/gcc/arm-none-eabi/12.3.1/../../../../arm-none-eabi/include/c++/12.3.1/backward"]
  ignore line: [ignoring duplicate directory "/home/user1/devel/radio/tools/xpack-arm-none-eabi-gcc-12.3.1-1.2/bin/../lib/gcc/../../lib/gcc/arm-none-eabi/12.3.1/include"]
  ignore line: [ignoring nonexistent directory "/home/user1/devel/radio/tools/xpack-arm-none-eabi-gcc-12.3.1-1.2/bin/../arm-none-eabi/usr/local/include"]
  ignore line: [ignoring duplicate directory "/home/user1/devel/radio/tools/xpack-arm-none-eabi-gcc-12.3.1-1.2/bin/../lib/gcc/../../lib/gcc/arm-none-eabi/12.3.1/include-fixed"]
  ignore line: [ignoring duplicate directory "/home/user1/devel/radio/tools/xpack-arm-none-eabi-gcc-12.3.1-1.2/bin/../lib/gcc/../../lib/gcc/arm-none-eabi/12.3.1/../../../../arm-none-eabi/include"]
  ignore line: [ignoring duplicate directory "/home/user1/devel/radio/tools/xpack-arm-none-eabi-gcc-12.3.1-1.2/bin/../arm-none-eabi/include"]
  ignore line: [#include "..." search starts here:]
  ignore line: [#include <...> search starts here:]
  ignore line: [ /home/user1/devel/radio/tools/xpack-arm-none-eabi-gcc-12.3.1-1.2/bin/../lib/gcc/arm-none-eabi/12.3.1/../../../../arm-none-eabi/include/c++/12.3.1]
  ignore line: [ /home/user1/devel/radio/tools/xpack-arm-none-eabi-gcc-12.3.1-1.2/bin/../lib/gcc/arm-none-eabi/12.3.1/../../../../arm-none-eabi/include/c++/12.3.1/arm-none-eabi/thumb/v6-m/nofp]
  ignore line: [ /home/user1/devel/radio/tools/xpack-arm-none-eabi-gcc-12.3.1-1.2/bin/../lib/gcc/arm-none-eabi/12.3.1/../../../../arm-none-eabi/include/c++/12.3.1/backward]
  ignore line: [ /home/user1/devel/radio/tools/xpack-arm-none-eabi-gcc-12.3.1-1.2/bin/../lib/gcc/arm-none-eabi/12.3.1/include]
  ignore line: [ /home/user1/devel/radio/tools/xpack-arm-none-eabi-gcc-12.3.1-1.2/bin/../lib/gcc/arm-none-eabi/12.3.1/include-fixed]
  ignore line: [ /home/user1/devel/radio/tools/xpack-arm-none-eabi-gcc-12.3.1-1.2/bin/../lib/gcc/arm-none-eabi/12.3.1/../../../../arm-none-eabi/include]
  ignore line: [End of search list.]
  ignore line: [GNU C++17 (xPack GNU Arm Embedded GCC x86_64) version 12.3.1 20230626 (arm-none-eabi)]
  ignore line: [	compiled by GNU C version 13.2.0  GMP version 6.2.1  MPFR version 3.1.6  MPC version 1.0.3  isl version isl-0.15-GMP]
  ignore line: []
  ignore line: [GGC heuristics: --param ggc-min-expand=100 --param ggc-min-heapsize=131072]
  ignore line: [Compiler executable checksum: 3dedb95b4c76cf1f32dabdc10da480e8]
  ignore line: [COLLECT_GCC_OPTIONS='-mcpu=cortex-m0plus' '-Wall' '-fdata-sections' '-ffunction-sections' '-fno-rtti' '-fno-exceptions' '-fno-threadsafe-statics' '-v' '-o' 'CMakeFiles/cmTC_64c2a.dir/CMakeCXXCompilerABI.cpp.obj' '-c' '-mfloat-abi=soft' '-mthumb' '-mlibarch=armv6s-m' '-march=armv6s-m' '-dumpdir' 'CMakeFiles/cmTC_64c2a.dir/']
  ignore line: [ /home/user1/devel/radio/tools/xpack-arm-none-eabi-gcc-12.3.1-1.2/bin/../lib/gcc/arm-none-eabi/12.3.1/../../../../arm-none-eabi/bin/as -v -march=armv6s-m -mfloat-abi=soft -meabi=5 -o CMakeFiles/cmTC_64c2a.dir/CMakeCXXCompilerABI.cpp.obj /tmp/ccvBbdCg.s]
  ignore line: [GNU assembler version 2.40.0 (arm-none-eabi) using BFD version (xPack GNU Arm Embedded GCC x86_64) 2.40.0.20230627]
  ignore line: [COMPILER_PATH=/home/user1/devel/radio/tools/xpack-arm-none-eabi-gcc-12.3.1-1.2/bin/../libexec/gcc/arm-none-eabi/12.3.1/:/home/user1/devel/radio/tools/xpack-arm-none-eabi-gcc-12.3.1-1.2/bin/../libexec/gcc/:/home/user1/devel/radio/tools/xpack-arm-none-eabi-gcc-12.3.1-1.2/bin/../lib/gcc/arm-none-eabi/12.3.1/../../../../arm-none-eabi/bin/]
  ignore line: [LIBRARY_PATH=/home/user1/devel/radio/tools/xpack-arm-none-eabi-gcc-12.3.1-1.2/bin/../lib/gcc/arm-none-eabi/12.3.1/thumb/v6-m/nofp/:/home/user1/devel/radio/tools/xpack-arm-none-eabi-gcc-12.3.1-1.2/bin/../lib/gcc/arm-none-eabi/12.3.1/../../../../arm-none-eabi/lib/thumb/v6-m/nofp/:/home/user1/devel/radio/tools/xpack-arm-none-eabi-gcc-12.3.1-1.2/bin/../arm-none-eabi/lib/thumb/v6-m/nofp/:/home/user1/devel/radio/tools/xpack-arm-none-eabi-gcc-12.3.1-1.2/bin/../lib/gcc/arm-none-eabi/12.3.1/:/home/user1/devel/radio/tools/xpack-arm-none-eabi-gcc-12.3.1-1.2/bin/../lib/gcc/:/home/user1/devel/radio/tools/xpack-arm-none-eabi-gcc-12.3.1-1.2/bin/../lib/gcc/arm-none-eabi/12.3.1/../../../../arm-none-eabi/lib/:/home/user1/devel/radio/tools/xpack-arm-none-eabi-gcc-12.3.1-1.2/bin/../arm-none-eabi/lib/]
  ignore line: [COLLECT_GCC_OPTIONS='-mcpu=cortex-m0plus' '-Wall' '-fdata-sections' '-ffunction-sections' '-fno-rtti' '-fno-exceptions' '-fno-threadsafe-statics' '-v' '-o' 'CMakeFiles/cmTC_64c2a.dir/CMakeCXXCompilerABI.cpp.obj' '-c' '-mfloat-abi=soft' '-mthumb' '-mlibarch=armv6s-m' '-march=armv6s-m' '-dumpdir' 'CMakeFiles/cmTC_64c2a.dir/CMakeCXXCompilerABI.cpp.']
  ignore line: [[2/2] Linking CXX static library libcmTC_64c2a.a]
  ignore line: []
  ignore line: []
  implicit libs: []
  implicit objs: []
  implicit dirs: []
  implicit fwks: []


Checking whether the ASM compiler is GNU using "--version" matched "(GNU assembler)|(GCC)|(Free Software Foundation)":
arm-none-eabi-gcc (xPack GNU Arm Embedded GCC x86_64) 12.3.1 20230626
Copyright (C) 2022 Free Software Foundation, Inc.
This is free software; see the source for copying conditions.  There is NO
warranty; not even for MERCHANTABILITY or FITNESS FOR A PARTICULAR PURPOSE.

